<?xml version="1.0" encoding="UTF-8"?>
<testsuite name="com.auth.api.model.TokensTest" tests="9" skipped="0" failures="0" errors="0" timestamp="2026-04-07T15:58:08.695Z" hostname="jhonui-MacBookPro-2.local" time="0.027">
  <properties/>
  <testcase name="정상적인 토큰 값이 전달되면 Tokens 객체가 생성된다." classname="com.auth.api.model.TokensTest" time="0.0"/>
  <testcase name="[1] null" classname="com.auth.api.model.TokensTest" time="0.007"/>
  <testcase name="[2] " classname="com.auth.api.model.TokensTest" time="0.002"/>
  <testcase name="[3]  " classname="com.auth.api.model.TokensTest" time="0.001"/>
  <testcase name="[4]   &#10;" classname="com.auth.api.model.TokensTest" time="0.0"/>
  <testcase name="[1] null" classname="com.auth.api.model.TokensTest" time="0.001"/>
  <testcase name="[2] " classname="com.auth.api.model.TokensTest" time="0.001"/>
  <testcase name="[3]  " classname="com.auth.api.model.TokensTest" time="0.001"/>
  <testcase name="[4] &#9;" classname="com.auth.api.model.TokensTest" time="0.0"/>
  <system-out><![CDATA[]]></system-out>
  <system-err><![CDATA[]]></system-err>
</testsuite>
