<?xml version="1.0" encoding="UTF-8"?>
<testsuite name="com.auth.common.utils.StringsTest" tests="4" skipped="0" failures="0" errors="0" timestamp="2026-04-07T15:58:08.726Z" hostname="jhonui-MacBookPro-2.local" time="0.002">
  <properties/>
  <testcase name="requireNonBlank_Throws_WhenBlank()" classname="com.auth.common.utils.StringsTest" time="0.001"/>
  <testcase name="requireNonNull_Throws_WhenNull()" classname="com.auth.common.utils.StringsTest" time="0.0"/>
  <testcase name="requireNonNull_ReturnsValue_WhenValid()" classname="com.auth.common.utils.StringsTest" time="0.0"/>
  <testcase name="requireNonBlank_ReturnsValue_WhenValid()" classname="com.auth.common.utils.StringsTest" time="0.0"/>
  <system-out><![CDATA[]]></system-out>
  <system-err><![CDATA[]]></system-err>
</testsuite>
