<?xml version="1.0" encoding="UTF-8"?>
<testsuite name="com.auth.api.model.PrincipalTest" tests="5" skipped="0" failures="0" errors="0" timestamp="2026-04-07T15:58:08.687Z" hostname="jhonui-MacBookPro-2.local" time="0.006">
  <properties/>
  <testcase name="getAttribute는 특정 키에 해당하는 값을 정확히 반환한다." classname="com.auth.api.model.PrincipalTest" time="0.0"/>
  <testcase name="사용자 ID와 부가 속성 맵으로 Principal 객체를 생성한다." classname="com.auth.api.model.PrincipalTest" time="0.0"/>
  <testcase name="createPrincipal_WithRolesContainsRole()" classname="com.auth.api.model.PrincipalTest" time="0.004"/>
  <testcase name="attributes가 null이면 빈 맵으로 초기화된다." classname="com.auth.api.model.PrincipalTest" time="0.001"/>
  <testcase name="반환된 속성 맵을 외부에서 수정하려고 하면 예외가 발생한다 (불변성)." classname="com.auth.api.model.PrincipalTest" time="0.0"/>
  <system-out><![CDATA[]]></system-out>
  <system-err><![CDATA[]]></system-err>
</testsuite>
