<?xml version="1.0" encoding="UTF-8"?>
<testsuite name="com.auth.api.exception.AuthExceptionTest" tests="4" skipped="0" failures="0" errors="0" timestamp="2026-04-07T15:58:08.647Z" hostname="jhonui-MacBookPro-2.local" time="0.032">
  <properties/>
  <testcase name="사용자 정의 메시지를 함께 전달할 경우, 기본 메시지 대신 전달된 메시지를 사용한다." classname="com.auth.api.exception.AuthExceptionTest" time="0.026"/>
  <testcase name="toString() 호출 시 reason과 메시지를 포함한다." classname="com.auth.api.exception.AuthExceptionTest" time="0.003"/>
  <testcase name="reason만 인자로 전달할 경우, reason 이름을 예외 메시지로 사용한다." classname="com.auth.api.exception.AuthExceptionTest" time="0.0"/>
  <testcase name="원인 예외(Throwable cause)가 포함되어도 reason 정보를 유지한다." classname="com.auth.api.exception.AuthExceptionTest" time="0.0"/>
  <system-out><![CDATA[]]></system-out>
  <system-err><![CDATA[]]></system-err>
</testsuite>
