<?xml version="1.0" encoding="UTF-8"?>
<testsuite name="com.auth.session.DefaultSessionAuthenticationProviderTest" tests="2" skipped="0" failures="0" errors="0" timestamp="2026-04-07T15:58:10.110Z" hostname="jhonui-MacBookPro-2.local" time="0.029">
  <properties/>
  <testcase name="존재하지 않는 세션은 빈 Optional을 반환한다" classname="com.auth.session.DefaultSessionAuthenticationProviderTest" time="0.027"/>
  <testcase name="존재하는 세션 ID는 Principal을 반환한다" classname="com.auth.session.DefaultSessionAuthenticationProviderTest" time="0.001"/>
  <system-out><![CDATA[]]></system-out>
  <system-err><![CDATA[]]></system-err>
</testsuite>
