<?xml version="1.0" encoding="UTF-8"?>
<testsuite name="com.auth.session.SessionServiceTest" tests="2" skipped="0" failures="0" errors="0" timestamp="2026-04-07T15:58:10.143Z" hostname="jhonui-MacBookPro-2.local" time="0.003">
  <properties/>
  <testcase name="세션을 폐기하면 더 이상 조회되지 않는다" classname="com.auth.session.SessionServiceTest" time="0.0"/>
  <testcase name="세션을 생성하면 고정된 식별자로 저장된다" classname="com.auth.session.SessionServiceTest" time="0.002"/>
  <system-out><![CDATA[]]></system-out>
  <system-err><![CDATA[]]></system-err>
</testsuite>
